[1] "Round 0 done"
[1] "Round 0.001 done"
[1] "Round 0.002 done"
[1] "Round 0.003 done"
[1] "Round 0.004 done"
[1] "Round 0.005 done"
[1] "Round 0.006 done"
[1] "Round 0.007 done"
[1] "Round 0.008 done"
[1] "Round 0.009 done"
[1] "Round 0.01 done"
[1] "Round 0.011 done"
[1] "Round 0.012 done"
[1] "Round 0.013 done"
[1] "Round 0.014 done"
[1] "Round 0.015 done"
[1] "Round 0.016 done"
[1] "Round 0.017 done"
[1] "Round 0.018 done"
[1] "Round 0.019 done"
[1] "Round 0.02 done"
[1] "Round 0.021 done"
[1] "Round 0.022 done"
[1] "Round 0.023 done"
[1] "Round 0.024 done"
[1] "Round 0.025 done"
[1] "Round 0.026 done"
[1] "Round 0.027 done"
[1] "Round 0.028 done"
[1] "Round 0.029 done"
[1] "Round 0.03 done"
[1] "Round 0.031 done"
[1] "Round 0.032 done"
[1] "Round 0.033 done"
[1] "Round 0.034 done"
[1] "Round 0.035 done"
[1] "Round 0.036 done"
[1] "Round 0.037 done"
[1] "Round 0.038 done"
[1] "Round 0.039 done"
[1] "Round 0.04 done"
[1] "Round 0.041 done"
[1] "Round 0.042 done"
[1] "Round 0.043 done"
[1] "Round 0.044 done"
[1] "Round 0.045 done"
[1] "Round 0.046 done"
[1] "Round 0.047 done"
[1] "Round 0.048 done"
[1] "Round 0.049 done"
[1] "Round 0.05 done"
[1] "Round 0.051 done"
[1] "Round 0.052 done"
[1] "Round 0.053 done"
[1] "Round 0.054 done"
[1] "Round 0.055 done"
[1] "Round 0.056 done"
[1] "Round 0.057 done"
[1] "Round 0.058 done"
[1] "Round 0.059 done"
[1] "Round 0.06 done"
[1] "Round 0.061 done"
[1] "Round 0.062 done"
[1] "Round 0.063 done"
[1] "Round 0.064 done"
[1] "Round 0.065 done"
[1] "Round 0.066 done"
[1] "Round 0.067 done"
[1] "Round 0.068 done"
[1] "Round 0.069 done"
[1] "Round 0.07 done"
[1] "Round 0.071 done"
[1] "Round 0.072 done"
[1] "Round 0.073 done"
[1] "Round 0.074 done"
[1] "Round 0.075 done"
[1] "Round 0.076 done"
[1] "Round 0.077 done"
[1] "Round 0.078 done"
[1] "Round 0.079 done"
[1] "Round 0.08 done"
[1] "Round 0.081 done"
[1] "Round 0.082 done"
[1] "Round 0.083 done"
[1] "Round 0.084 done"
[1] "Round 0.085 done"
[1] "Round 0.086 done"
[1] "Round 0.087 done"
[1] "Round 0.088 done"
[1] "Round 0.089 done"
[1] "Round 0.09 done"
[1] "Round 0.091 done"
[1] "Round 0.092 done"
[1] "Round 0.093 done"
[1] "Round 0.094 done"
[1] "Round 0.095 done"
[1] "Round 0.096 done"
[1] "Round 0.097 done"
[1] "Round 0.098 done"
[1] "Round 0.099 done"
[1] "Round 0.1 done"
[1] "Round 0.101 done"
[1] "Round 0.102 done"
[1] "Round 0.103 done"
[1] "Round 0.104 done"
[1] "Round 0.105 done"
[1] "Round 0.106 done"
[1] "Round 0.107 done"
[1] "Round 0.108 done"
[1] "Round 0.109 done"
[1] "Round 0.11 done"
[1] "Round 0.111 done"
[1] "Round 0.112 done"
[1] "Round 0.113 done"
[1] "Round 0.114 done"
[1] "Round 0.115 done"
[1] "Round 0.116 done"
[1] "Round 0.117 done"
[1] "Round 0.118 done"
[1] "Round 0.119 done"
[1] "Round 0.12 done"
[1] "Round 0.121 done"
[1] "Round 0.122 done"
[1] "Round 0.123 done"
[1] "Round 0.124 done"
[1] "Round 0.125 done"
[1] "Round 0.126 done"
[1] "Round 0.127 done"
[1] "Round 0.128 done"
[1] "Round 0.129 done"
[1] "Round 0.13 done"
[1] "Round 0.131 done"
[1] "Round 0.132 done"
[1] "Round 0.133 done"
[1] "Round 0.134 done"
[1] "Round 0.135 done"
[1] "Round 0.136 done"
[1] "Round 0.137 done"
[1] "Round 0.138 done"
[1] "Round 0.139 done"
[1] "Round 0.14 done"
[1] "Round 0.141 done"
[1] "Round 0.142 done"
[1] "Round 0.143 done"
[1] "Round 0.144 done"
[1] "Round 0.145 done"
[1] "Round 0.146 done"
[1] "Round 0.147 done"
[1] "Round 0.148 done"
[1] "Round 0.149 done"
[1] "Round 0.15 done"
[1] "Round 0.151 done"
[1] "Round 0.152 done"
[1] "Round 0.153 done"
[1] "Round 0.154 done"
[1] "Round 0.155 done"
[1] "Round 0.156 done"
[1] "Round 0.157 done"
[1] "Round 0.158 done"
[1] "Round 0.159 done"
[1] "Round 0.16 done"
[1] "Round 0.161 done"
[1] "Round 0.162 done"
[1] "Round 0.163 done"
[1] "Round 0.164 done"
[1] "Round 0.165 done"
[1] "Round 0.166 done"
[1] "Round 0.167 done"
[1] "Round 0.168 done"
[1] "Round 0.169 done"
[1] "Round 0.17 done"
[1] "Round 0.171 done"
[1] "Round 0.172 done"
[1] "Round 0.173 done"
[1] "Round 0.174 done"
[1] "Round 0.175 done"
[1] "Round 0.176 done"
[1] "Round 0.177 done"
[1] "Round 0.178 done"
[1] "Round 0.179 done"
[1] "Round 0.18 done"
[1] "Round 0.181 done"
[1] "Round 0.182 done"
[1] "Round 0.183 done"
[1] "Round 0.184 done"
[1] "Round 0.185 done"
[1] "Round 0.186 done"
[1] "Round 0.187 done"
[1] "Round 0.188 done"
[1] "Round 0.189 done"
[1] "Round 0.19 done"
[1] "Round 0.191 done"
[1] "Round 0.192 done"
[1] "Round 0.193 done"
[1] "Round 0.194 done"
[1] "Round 0.195 done"
[1] "Round 0.196 done"
[1] "Round 0.197 done"
[1] "Round 0.198 done"
[1] "Round 0.199 done"
[1] "Round 0.2 done"
